<?xml version="1.0" encoding="UTF-8"?>
<!-- Generated by org.testng.reporters.JUnitXMLReporter -->
<testsuite ignored="0" hostname="BH-LAP-171" failures="1" tests="4" name="UMC testing in Crome" time="85.659" errors="0" timestamp="2024-10-20T20:39:56 IST">
  <testcase classname="com.mytest.LoginTest" name="verifyLoginTitleTest" time="0.031">
    <failure type="java.lang.AssertionError" message="expected [UM Health | CodingAi™] but found [UMC Health | CodingAi™]">
      <![CDATA[java.lang.AssertionError: expected [UM Health | CodingAi™] but found [UMC Health | CodingAi™]
at com.mytest.LoginTest.verifyLoginTitleTest(LoginTest.java:25)
at java.base/java.util.ArrayList.forEach(ArrayList.java:1511)
... Removed 33 stack frames]]>
    </failure>
  </testcase> <!-- verifyLoginTitleTest -->
  <testcase classname="com.mytest.LoginTest" name="verifyLoginPageHeaderTest" time="0.059"/>
  <testcase classname="com.mytest.LoginTest" name="verifyVersion" time="0.038"/>
  <testcase classname="com.mytest.LoginTest" name="doLogin" time="28.382"/>
</testsuite> <!-- UMC testing in Crome -->
