<?xml version="1.0" encoding="UTF-8"?>
<!-- Generated by org.testng.reporters.JUnitXMLReporter -->
<testsuite ignored="2" hostname="BH-LAP-171" failures="4" tests="4" name="UMC testing in Crome" time="70.975" errors="0" timestamp="2024-10-28T11:37:56 IST">
  <testcase classname="com.mytest.LoginTest" name="verifyVersion" time="0.208">
    <failure type="java.lang.NullPointerException" message="Cannot invoke &amp;quot;com.mypage.Page.getInstance(java.lang.Class)&amp;quot; because &amp;quot;this.page&amp;quot; is null">
      <![CDATA[java.lang.NullPointerException: Cannot invoke "com.mypage.Page.getInstance(java.lang.Class)" because "this.page" is null
at com.mytest.LoginTest.doLogin(LoginTest.java:79)
at com.mytest.LoginTest.verifyVersion(LoginTest.java:54)
at java.base/java.util.ArrayList.forEach(ArrayList.java:1511)
... Removed 27 stack frames]]>
    </failure>
  </testcase> <!-- verifyVersion -->
  <testcase classname="com.mytest.LoginTest" name="verifyVersion" time="0.128">
    <failure type="java.lang.NullPointerException" message="Cannot invoke &amp;quot;com.mypage.Page.getInstance(java.lang.Class)&amp;quot; because &amp;quot;this.page&amp;quot; is null">
      <![CDATA[java.lang.NullPointerException: Cannot invoke "com.mypage.Page.getInstance(java.lang.Class)" because "this.page" is null
at com.mytest.LoginTest.doLogin(LoginTest.java:79)
at com.mytest.LoginTest.verifyVersion(LoginTest.java:54)
at java.base/java.util.ArrayList.forEach(ArrayList.java:1511)
... Removed 27 stack frames]]>
    </failure>
  </testcase> <!-- verifyVersion -->
  <testcase classname="com.mytest.LoginTest" name="verifyVersion" time="0.123">
    <failure type="java.lang.NullPointerException" message="Cannot invoke &amp;quot;com.mypage.Page.getInstance(java.lang.Class)&amp;quot; because &amp;quot;this.page&amp;quot; is null">
      <![CDATA[java.lang.NullPointerException: Cannot invoke "com.mypage.Page.getInstance(java.lang.Class)" because "this.page" is null
at com.mytest.LoginTest.doLogin(LoginTest.java:79)
at com.mytest.LoginTest.verifyVersion(LoginTest.java:54)
at java.base/java.util.ArrayList.forEach(ArrayList.java:1511)
... Removed 27 stack frames]]>
    </failure>
  </testcase> <!-- verifyVersion -->
  <testcase classname="com.mytest.LoginTest" name="doLogin" time="0.0">
    <failure type="org.testng.TestNGException" message="
Cannot inject @Test annotated Method [doLogin] with [class java.lang.String, class java.lang.String].
For more information on native dependency injection please refer to https://testng.org/doc/documentation-main.html#native-dependency-injection">
      <![CDATA[org.testng.TestNGException: 
Cannot inject @Test annotated Method [doLogin] with [class java.lang.String, class java.lang.String].
For more information on native dependency injection please refer to https://testng.org/doc/documentation-main.html#native-dependency-injection
at java.base/java.util.ArrayList.forEach(ArrayList.java:1511)
... Removed 26 stack frames]]>
    </failure>
  </testcase> <!-- doLogin -->
  <testcase classname="com.mytest.LoginTest" name="verifyLoginPageHeaderTest" time="0.0">
    <ignored/>
  </testcase> <!-- verifyLoginPageHeaderTest -->
  <testcase classname="com.mytest.LoginTest" name="verifyLoginTitleTest" time="0.0">
    <ignored/>
  </testcase> <!-- verifyLoginTitleTest -->
</testsuite> <!-- UMC testing in Crome -->
