<?xml version="1.0" encoding="UTF-8"?>
<testng-results ignored="0" total="4" passed="3" failed="1" skipped="0">
  <reporter-output>
  </reporter-output>
  <suite started-at="2024-10-20T20:38:31 IST" name="Suite" finished-at="2024-10-20T20:39:56 IST" duration-ms="85659">
    <groups>
    </groups>
    <test started-at="2024-10-20T20:38:31 IST" name="UMC testing in Crome" finished-at="2024-10-20T20:39:56 IST" duration-ms="85659">
      <class name="com.mytest.LoginTest">
        <test-method is-config="true" signature="setUpDriver(java.lang.String,java.lang.String)[pri:0, instance:com.mytest.LoginTest@6973b51b]" started-at="2024-10-20T20:38:31 IST" name="setUpDriver" finished-at="2024-10-20T20:38:46 IST" duration-ms="15012" status="PASS">
          <params>
            <param index="0">
              <value>
                <![CDATA[chrome]]>
              </value>
            </param>
            <param index="1">
              <value>
                <![CDATA[https://umc.coding.ai/login]]>
              </value>
            </param>
          </params>
          <reporter-output>
          </reporter-output>
        </test-method> <!-- setUpDriver -->
        <test-method signature="verifyLoginTitleTest()[pri:1, instance:com.mytest.LoginTest@6973b51b]" started-at="2024-10-20T20:38:46 IST" name="verifyLoginTitleTest" finished-at="2024-10-20T20:38:46 IST" duration-ms="31" status="FAIL">
          <exception class="java.lang.AssertionError">
            <message>
              <![CDATA[expected [UM Health | CodingAi™] but found [UMC Health | CodingAi™]]]>
            </message>
            <full-stacktrace>
              <![CDATA[java.lang.AssertionError: expected [UM Health | CodingAi™] but found [UMC Health | CodingAi™]
at org.testng.Assert.fail(Assert.java:99)
at org.testng.Assert.failNotEquals(Assert.java:1037)
at org.testng.Assert.assertEqualsImpl(Assert.java:140)
at org.testng.Assert.assertEquals(Assert.java:122)
at org.testng.Assert.assertEquals(Assert.java:629)
at org.testng.Assert.assertEquals(Assert.java:639)
at com.mytest.LoginTest.verifyLoginTitleTest(LoginTest.java:25)
at java.base/jdk.internal.reflect.NativeMethodAccessorImpl.invoke0(Native Method)
at java.base/jdk.internal.reflect.NativeMethodAccessorImpl.invoke(NativeMethodAccessorImpl.java:77)
at java.base/jdk.internal.reflect.DelegatingMethodAccessorImpl.invoke(DelegatingMethodAccessorImpl.java:43)
at java.base/java.lang.reflect.Method.invoke(Method.java:568)
at org.testng.internal.MethodInvocationHelper.invokeMethod(MethodInvocationHelper.java:133)
at org.testng.internal.TestInvoker.invokeMethod(TestInvoker.java:598)
at org.testng.internal.TestInvoker.invokeTestMethod(TestInvoker.java:173)
at org.testng.internal.MethodRunner.runInSequence(MethodRunner.java:46)
at org.testng.internal.TestInvoker$MethodInvocationAgent.invoke(TestInvoker.java:824)
at org.testng.internal.TestInvoker.invokeTestMethods(TestInvoker.java:146)
at org.testng.internal.TestMethodWorker.invokeTestMethods(TestMethodWorker.java:146)
at org.testng.internal.TestMethodWorker.run(TestMethodWorker.java:128)
at java.base/java.util.ArrayList.forEach(ArrayList.java:1511)
at org.testng.TestRunner.privateRun(TestRunner.java:794)
at org.testng.TestRunner.run(TestRunner.java:596)
at org.testng.SuiteRunner.runTest(SuiteRunner.java:377)
at org.testng.SuiteRunner.runSequentially(SuiteRunner.java:371)
at org.testng.SuiteRunner.privateRun(SuiteRunner.java:332)
at org.testng.SuiteRunner.run(SuiteRunner.java:276)
at org.testng.SuiteRunnerWorker.runSuite(SuiteRunnerWorker.java:53)
at org.testng.SuiteRunnerWorker.run(SuiteRunnerWorker.java:96)
at org.testng.TestNG.runSuitesSequentially(TestNG.java:1212)
at org.testng.TestNG.runSuitesLocally(TestNG.java:1134)
at org.testng.TestNG.runSuites(TestNG.java:1063)
at org.testng.TestNG.run(TestNG.java:1031)
at org.testng.remote.AbstractRemoteTestNG.run(AbstractRemoteTestNG.java:115)
at org.testng.remote.RemoteTestNG.initAndRun(RemoteTestNG.java:293)
at org.testng.remote.RemoteTestNG.main(RemoteTestNG.java:91)
]]>
            </full-stacktrace>
          </exception> <!-- java.lang.AssertionError -->
          <reporter-output>
          </reporter-output>
        </test-method> <!-- verifyLoginTitleTest -->
        <test-method is-config="true" signature="tearDown()[pri:0, instance:com.mytest.LoginTest@6973b51b]" started-at="2024-10-20T20:38:46 IST" name="tearDown" finished-at="2024-10-20T20:38:47 IST" duration-ms="715" status="PASS">
          <reporter-output>
          </reporter-output>
        </test-method> <!-- tearDown -->
        <test-method is-config="true" signature="setUpDriver(java.lang.String,java.lang.String)[pri:0, instance:com.mytest.LoginTest@6973b51b]" started-at="2024-10-20T20:38:47 IST" name="setUpDriver" finished-at="2024-10-20T20:38:56 IST" duration-ms="9488" status="PASS">
          <params>
            <param index="0">
              <value>
                <![CDATA[chrome]]>
              </value>
            </param>
            <param index="1">
              <value>
                <![CDATA[https://umc.coding.ai/login]]>
              </value>
            </param>
          </params>
          <reporter-output>
          </reporter-output>
        </test-method> <!-- setUpDriver -->
        <test-method signature="verifyLoginPageHeaderTest()[pri:2, instance:com.mytest.LoginTest@6973b51b]" started-at="2024-10-20T20:38:56 IST" name="verifyLoginPageHeaderTest" finished-at="2024-10-20T20:38:56 IST" duration-ms="59" status="PASS">
          <reporter-output>
          </reporter-output>
        </test-method> <!-- verifyLoginPageHeaderTest -->
        <test-method is-config="true" signature="tearDown()[pri:0, instance:com.mytest.LoginTest@6973b51b]" started-at="2024-10-20T20:38:56 IST" name="tearDown" finished-at="2024-10-20T20:38:57 IST" duration-ms="522" status="PASS">
          <reporter-output>
          </reporter-output>
        </test-method> <!-- tearDown -->
        <test-method is-config="true" signature="setUpDriver(java.lang.String,java.lang.String)[pri:0, instance:com.mytest.LoginTest@6973b51b]" started-at="2024-10-20T20:38:57 IST" name="setUpDriver" finished-at="2024-10-20T20:39:14 IST" duration-ms="17628" status="PASS">
          <params>
            <param index="0">
              <value>
                <![CDATA[chrome]]>
              </value>
            </param>
            <param index="1">
              <value>
                <![CDATA[https://umc.coding.ai/login]]>
              </value>
            </param>
          </params>
          <reporter-output>
          </reporter-output>
        </test-method> <!-- setUpDriver -->
        <test-method signature="verifyVersion()[pri:3, instance:com.mytest.LoginTest@6973b51b]" started-at="2024-10-20T20:39:14 IST" name="verifyVersion" finished-at="2024-10-20T20:39:15 IST" duration-ms="38" status="PASS">
          <reporter-output>
          </reporter-output>
        </test-method> <!-- verifyVersion -->
        <test-method is-config="true" signature="tearDown()[pri:0, instance:com.mytest.LoginTest@6973b51b]" started-at="2024-10-20T20:39:15 IST" name="tearDown" finished-at="2024-10-20T20:39:15 IST" duration-ms="552" status="PASS">
          <reporter-output>
          </reporter-output>
        </test-method> <!-- tearDown -->
        <test-method is-config="true" signature="setUpDriver(java.lang.String,java.lang.String)[pri:0, instance:com.mytest.LoginTest@6973b51b]" started-at="2024-10-20T20:39:15 IST" name="setUpDriver" finished-at="2024-10-20T20:39:25 IST" duration-ms="10042" status="PASS">
          <params>
            <param index="0">
              <value>
                <![CDATA[chrome]]>
              </value>
            </param>
            <param index="1">
              <value>
                <![CDATA[https://umc.coding.ai/login]]>
              </value>
            </param>
          </params>
          <reporter-output>
          </reporter-output>
        </test-method> <!-- setUpDriver -->
        <test-method signature="doLogin(java.lang.String,java.lang.String)[pri:4, instance:com.mytest.LoginTest@6973b51b]" started-at="2024-10-20T20:39:25 IST" name="doLogin" finished-at="2024-10-20T20:39:53 IST" duration-ms="28382" status="PASS">
          <params>
            <param index="0">
              <value>
                <![CDATA[sriram]]>
              </value>
            </param>
            <param index="1">
              <value>
                <![CDATA[Demo@123#]]>
              </value>
            </param>
          </params>
          <reporter-output>
          </reporter-output>
        </test-method> <!-- doLogin -->
        <test-method is-config="true" signature="tearDown()[pri:0, instance:com.mytest.LoginTest@6973b51b]" started-at="2024-10-20T20:39:54 IST" name="tearDown" finished-at="2024-10-20T20:39:56 IST" duration-ms="2783" status="PASS">
          <reporter-output>
          </reporter-output>
        </test-method> <!-- tearDown -->
      </class> <!-- com.mytest.LoginTest -->
    </test> <!-- UMC testing in Crome -->
  </suite> <!-- Suite -->
</testng-results>
